d:\documents\الكلية\spring 2024\data structures\project\data_phase1\project1\x64\debug\vc143.pdb
d:\documents\الكلية\spring 2024\data structures\project\data_phase1\project1\x64\debug\vc143.idb
d:\documents\الكلية\spring 2024\data structures\project\data_phase1\project1\x64\debug\unit.obj
d:\documents\الكلية\spring 2024\data structures\project\data_phase1\project1\x64\debug\es.obj
d:\documents\الكلية\spring 2024\data structures\project\data_phase1\project1\x64\debug\source.obj
d:\documents\الكلية\spring 2024\data structures\project\data_phase1\project1\x64\debug\drones.obj
d:\documents\الكلية\spring 2024\data structures\project\data_phase1\project1\x64\debug\project1.pdb
d:\documents\الكلية\spring 2024\data structures\project\data_phase1\project1\x64\debug\project1.tlog\cl.command.1.tlog
d:\documents\الكلية\spring 2024\data structures\project\data_phase1\project1\x64\debug\project1.tlog\cl.items.tlog
d:\documents\الكلية\spring 2024\data structures\project\data_phase1\project1\x64\debug\project1.tlog\cl.read.1.tlog
d:\documents\الكلية\spring 2024\data structures\project\data_phase1\project1\x64\debug\project1.tlog\cl.write.1.tlog
d:\documents\الكلية\spring 2024\data structures\project\data_phase1\project1\x64\debug\project1.tlog\link.11568-cvtres.read.1.tlog
d:\documents\الكلية\spring 2024\data structures\project\data_phase1\project1\x64\debug\project1.tlog\link.11568-cvtres.write.1.tlog
d:\documents\الكلية\spring 2024\data structures\project\data_phase1\project1\x64\debug\project1.tlog\link.11568-rc.read.1.tlog
d:\documents\الكلية\spring 2024\data structures\project\data_phase1\project1\x64\debug\project1.tlog\link.11568-rc.write.1.tlog
d:\documents\الكلية\spring 2024\data structures\project\data_phase1\project1\x64\debug\project1.tlog\link.11568.read.1.tlog
d:\documents\الكلية\spring 2024\data structures\project\data_phase1\project1\x64\debug\project1.tlog\link.11568.read.2.tlog
d:\documents\الكلية\spring 2024\data structures\project\data_phase1\project1\x64\debug\project1.tlog\link.11568.read.3.tlog
d:\documents\الكلية\spring 2024\data structures\project\data_phase1\project1\x64\debug\project1.tlog\link.11568.read.5.tlog
d:\documents\الكلية\spring 2024\data structures\project\data_phase1\project1\x64\debug\project1.tlog\link.11568.write.1.tlog
d:\documents\الكلية\spring 2024\data structures\project\data_phase1\project1\x64\debug\project1.tlog\link.command.1.tlog
d:\documents\الكلية\spring 2024\data structures\project\data_phase1\project1\x64\debug\project1.tlog\link.read.1.tlog
d:\documents\الكلية\spring 2024\data structures\project\data_phase1\project1\x64\debug\project1.tlog\link.write.1.tlog
