  alienArmy.cpp
D:\Documents\الكلية\Spring 2024\Data structures\Project\Data_Phase1\Project1\Array_Of_Pointers.h(81,4): error C2679: binary '<<': no operator found which takes a right-hand operand of type 'T' (or there is no acceptable conversion)
D:\Documents\الكلية\Spring 2024\Data structures\Project\Data_Phase1\Project1\Array_Of_Pointers.h(81,4): error C2679:         with
D:\Documents\الكلية\Spring 2024\Data structures\Project\Data_Phase1\Project1\Array_Of_Pointers.h(81,4): error C2679:         [
D:\Documents\الكلية\Spring 2024\Data structures\Project\Data_Phase1\Project1\Array_Of_Pointers.h(81,4): error C2679:             T=Alien_Monster
D:\Documents\الكلية\Spring 2024\Data structures\Project\Data_Phase1\Project1\Array_Of_Pointers.h(81,4): error C2679:         ]
  (compiling source file 'alienArmy.cpp')
  C:\Program Files\Microsoft Visual Studio\2022\Community\VC\Tools\MSVC\14.38.33130\include\ostream(480,39):
  could be 'std::basic_ostream<char,std::char_traits<char>> &std::basic_ostream<char,std::char_traits<char>>::operator <<(std::basic_streambuf<char,std::char_traits<char>> *)'
  C:\Program Files\Microsoft Visual Studio\2022\Community\VC\Tools\MSVC\14.38.33130\include\ostream(448,39):
  or       'std::basic_ostream<char,std::char_traits<char>> &std::basic_ostream<char,std::char_traits<char>>::operator <<(const void *)'
  C:\Program Files\Microsoft Visual Studio\2022\Community\VC\Tools\MSVC\14.38.33130\include\ostream(430,39):
  or       'std::basic_ostream<char,std::char_traits<char>> &std::basic_ostream<char,std::char_traits<char>>::operator <<(long double)'
  C:\Program Files\Microsoft Visual Studio\2022\Community\VC\Tools\MSVC\14.38.33130\include\ostream(412,39):
  or       'std::basic_ostream<char,std::char_traits<char>> &std::basic_ostream<char,std::char_traits<char>>::operator <<(double)'
  C:\Program Files\Microsoft Visual Studio\2022\Community\VC\Tools\MSVC\14.38.33130\include\ostream(394,39):
  or       'std::basic_ostream<char,std::char_traits<char>> &std::basic_ostream<char,std::char_traits<char>>::operator <<(float)'
  C:\Program Files\Microsoft Visual Studio\2022\Community\VC\Tools\MSVC\14.38.33130\include\ostream(376,39):
  or       'std::basic_ostream<char,std::char_traits<char>> &std::basic_ostream<char,std::char_traits<char>>::operator <<(unsigned __int64)'
  C:\Program Files\Microsoft Visual Studio\2022\Community\VC\Tools\MSVC\14.38.33130\include\ostream(358,39):
  or       'std::basic_ostream<char,std::char_traits<char>> &std::basic_ostream<char,std::char_traits<char>>::operator <<(__int64)'
  C:\Program Files\Microsoft Visual Studio\2022\Community\VC\Tools\MSVC\14.38.33130\include\ostream(340,39):
  or       'std::basic_ostream<char,std::char_traits<char>> &std::basic_ostream<char,std::char_traits<char>>::operator <<(unsigned long)'
  C:\Program Files\Microsoft Visual Studio\2022\Community\VC\Tools\MSVC\14.38.33130\include\ostream(322,39):
  or       'std::basic_ostream<char,std::char_traits<char>> &std::basic_ostream<char,std::char_traits<char>>::operator <<(long)'
  C:\Program Files\Microsoft Visual Studio\2022\Community\VC\Tools\MSVC\14.38.33130\include\ostream(303,39):
  or       'std::basic_ostream<char,std::char_traits<char>> &std::basic_ostream<char,std::char_traits<char>>::operator <<(unsigned int)'
  C:\Program Files\Microsoft Visual Studio\2022\Community\VC\Tools\MSVC\14.38.33130\include\ostream(277,39):
  or       'std::basic_ostream<char,std::char_traits<char>> &std::basic_ostream<char,std::char_traits<char>>::operator <<(int)'
  C:\Program Files\Microsoft Visual Studio\2022\Community\VC\Tools\MSVC\14.38.33130\include\ostream(258,39):
  or       'std::basic_ostream<char,std::char_traits<char>> &std::basic_ostream<char,std::char_traits<char>>::operator <<(unsigned short)'
  C:\Program Files\Microsoft Visual Studio\2022\Community\VC\Tools\MSVC\14.38.33130\include\ostream(224,39):
  or       'std::basic_ostream<char,std::char_traits<char>> &std::basic_ostream<char,std::char_traits<char>>::operator <<(short)'
  C:\Program Files\Microsoft Visual Studio\2022\Community\VC\Tools\MSVC\14.38.33130\include\ostream(206,39):
  or       'std::basic_ostream<char,std::char_traits<char>> &std::basic_ostream<char,std::char_traits<char>>::operator <<(bool)'
  C:\Program Files\Microsoft Visual Studio\2022\Community\VC\Tools\MSVC\14.38.33130\include\ostream(200,39):
  or       'std::basic_ostream<char,std::char_traits<char>> &std::basic_ostream<char,std::char_traits<char>>::operator <<(std::ios_base &(__cdecl *)(std::ios_base &))'
  C:\Program Files\Microsoft Visual Studio\2022\Community\VC\Tools\MSVC\14.38.33130\include\ostream(194,39):
  or       'std::basic_ostream<char,std::char_traits<char>> &std::basic_ostream<char,std::char_traits<char>>::operator <<(std::basic_ios<char,std::char_traits<char>> &(__cdecl *)(std::basic_ios<char,std::char_traits<char>> &))'
  C:\Program Files\Microsoft Visual Studio\2022\Community\VC\Tools\MSVC\14.38.33130\include\ostream(189,39):
  or       'std::basic_ostream<char,std::char_traits<char>> &std::basic_ostream<char,std::char_traits<char>>::operator <<(std::basic_ostream<char,std::char_traits<char>> &(__cdecl *)(std::basic_ostream<char,std::char_traits<char>> &))'
  C:\Program Files\Microsoft Visual Studio\2022\Community\VC\Tools\MSVC\14.38.33130\include\ostream(1080,32):
  or       'std::basic_ostream<_Elem,_Traits> &std::operator <<(std::basic_ostream<_Elem,_Traits> &,const std::error_code &)'
  	D:\Documents\الكلية\Spring 2024\Data structures\Project\Data_Phase1\Project1\Array_Of_Pointers.h(81,12):
  	'initializing': cannot convert from 'T' to 'const std::error_code &'
          with
          [
              T=Alien_Monster
          ]
  		D:\Documents\الكلية\Spring 2024\Data structures\Project\Data_Phase1\Project1\Array_Of_Pointers.h(81,12):
  		Reason: cannot convert from 'T' to 'const std::error_code'
          with
          [
              T=Alien_Monster
          ]
  		D:\Documents\الكلية\Spring 2024\Data structures\Project\Data_Phase1\Project1\Array_Of_Pointers.h(81,12):
  		No user-defined-conversion operator available that can perform this conversion, or the operator cannot be called
  C:\Program Files\Microsoft Visual Studio\2022\Community\VC\Tools\MSVC\14.38.33130\include\ostream(1003,9):
  or       '_Ostr &&std::operator <<(_Ostr &&,const _Ty &)'
  	D:\Documents\الكلية\Spring 2024\Data structures\Project\Data_Phase1\Project1\Array_Of_Pointers.h(81,4):
  	'_Ostr &&std::operator <<(_Ostr &&,const _Ty &)': could not deduce template argument for '__formal'
  		C:\Program Files\Microsoft Visual Studio\2022\Community\VC\Tools\MSVC\14.38.33130\include\ostream(1002,103):
  		'<template-parameter>': you cannot create a pointer to a reference
  C:\Program Files\Microsoft Visual Studio\2022\Community\VC\Tools\MSVC\14.38.33130\include\ostream(945,31):
  or       'std::basic_ostream<char,_Traits> &std::operator <<(std::basic_ostream<char,_Traits> &,unsigned char)'
  	D:\Documents\الكلية\Spring 2024\Data structures\Project\Data_Phase1\Project1\Array_Of_Pointers.h(81,12):
  	'initializing': cannot convert from 'T' to 'unsigned char'
          with
          [
              T=Alien_Monster
          ]
  		D:\Documents\الكلية\Spring 2024\Data structures\Project\Data_Phase1\Project1\Array_Of_Pointers.h(81,12):
  		No user-defined-conversion operator available that can perform this conversion, or the operator cannot be called
  C:\Program Files\Microsoft Visual Studio\2022\Community\VC\Tools\MSVC\14.38.33130\include\ostream(939,31):
  or       'std::basic_ostream<char,_Traits> &std::operator <<(std::basic_ostream<char,_Traits> &,const unsigned char *)'
  	D:\Documents\الكلية\Spring 2024\Data structures\Project\Data_Phase1\Project1\Array_Of_Pointers.h(81,12):
  	'initializing': cannot convert from 'T' to 'const unsigned char *'
          with
          [
              T=Alien_Monster
          ]
  		D:\Documents\الكلية\Spring 2024\Data structures\Project\Data_Phase1\Project1\Array_Of_Pointers.h(81,12):
  		No user-defined-conversion operator available that can perform this conversion, or the operator cannot be called
  C:\Program Files\Microsoft Visual Studio\2022\Community\VC\Tools\MSVC\14.38.33130\include\ostream(934,31):
  or       'std::basic_ostream<char,_Traits> &std::operator <<(std::basic_ostream<char,_Traits> &,signed char)'
  	D:\Documents\الكلية\Spring 2024\Data structures\Project\Data_Phase1\Project1\Array_Of_Pointers.h(81,12):
  	'initializing': cannot convert from 'T' to 'signed char'
          with
          [
              T=Alien_Monster
          ]
  		D:\Documents\الكلية\Spring 2024\Data structures\Project\Data_Phase1\Project1\Array_Of_Pointers.h(81,12):
  		No user-defined-conversion operator available that can perform this conversion, or the operator cannot be called
  C:\Program Files\Microsoft Visual Studio\2022\Community\VC\Tools\MSVC\14.38.33130\include\ostream(928,31):
  or       'std::basic_ostream<char,_Traits> &std::operator <<(std::basic_ostream<char,_Traits> &,const signed char *)'
  	D:\Documents\الكلية\Spring 2024\Data structures\Project\Data_Phase1\Project1\Array_Of_Pointers.h(81,12):
  	'initializing': cannot convert from 'T' to 'const signed char *'
          with
          [
              T=Alien_Monster
          ]
  		D:\Documents\الكلية\Spring 2024\Data structures\Project\Data_Phase1\Project1\Array_Of_Pointers.h(81,12):
  		No user-defined-conversion operator available that can perform this conversion, or the operator cannot be called
  C:\Program Files\Microsoft Visual Studio\2022\Community\VC\Tools\MSVC\14.38.33130\include\ostream(892,32):
  or       'std::basic_ostream<_Elem,_Traits> &std::operator <<(std::basic_ostream<_Elem,_Traits> &,_Elem)'
  	D:\Documents\الكلية\Spring 2024\Data structures\Project\Data_Phase1\Project1\Array_Of_Pointers.h(81,4):
  	'std::basic_ostream<_Elem,_Traits> &std::operator <<(std::basic_ostream<_Elem,_Traits> &,_Elem)': template parameter '_Elem' is ambiguous
  		D:\Documents\الكلية\Spring 2024\Data structures\Project\Data_Phase1\Project1\Array_Of_Pointers.h(81,4):
  		could be 'T'
          with
          [
              T=Alien_Monster
          ]
  		D:\Documents\الكلية\Spring 2024\Data structures\Project\Data_Phase1\Project1\Array_Of_Pointers.h(81,4):
  		or       'char'
  	D:\Documents\الكلية\Spring 2024\Data structures\Project\Data_Phase1\Project1\Array_Of_Pointers.h(81,4):
  	'std::basic_ostream<_Elem,_Traits> &std::operator <<(std::basic_ostream<_Elem,_Traits> &,_Elem)': could not deduce template argument for '_Elem' from 'T'
          with
          [
              T=Alien_Monster
          ]
  C:\Program Files\Microsoft Visual Studio\2022\Community\VC\Tools\MSVC\14.38.33130\include\ostream(849,32):
  or       'std::basic_ostream<_Elem,_Traits> &std::operator <<(std::basic_ostream<_Elem,_Traits> &,const _Elem *)'
  	D:\Documents\الكلية\Spring 2024\Data structures\Project\Data_Phase1\Project1\Array_Of_Pointers.h(81,4):
  	'std::basic_ostream<_Elem,_Traits> &std::operator <<(std::basic_ostream<_Elem,_Traits> &,const _Elem *)': could not deduce template argument for 'const _Elem *' from 'T'
          with
          [
              T=Alien_Monster
          ]
  C:\Program Files\Microsoft Visual Studio\2022\Community\VC\Tools\MSVC\14.38.33130\include\ostream(811,31):
  or       'std::basic_ostream<char,_Traits> &std::operator <<(std::basic_ostream<char,_Traits> &,char)'
  	D:\Documents\الكلية\Spring 2024\Data structures\Project\Data_Phase1\Project1\Array_Of_Pointers.h(81,12):
  	'initializing': cannot convert from 'T' to 'char'
          with
          [
              T=Alien_Monster
          ]
  		D:\Documents\الكلية\Spring 2024\Data structures\Project\Data_Phase1\Project1\Array_Of_Pointers.h(81,12):
  		No user-defined-conversion operator available that can perform this conversion, or the operator cannot be called
  C:\Program Files\Microsoft Visual Studio\2022\Community\VC\Tools\MSVC\14.38.33130\include\ostream(766,31):
  or       'std::basic_ostream<char,_Traits> &std::operator <<(std::basic_ostream<char,_Traits> &,const char *)'
  	D:\Documents\الكلية\Spring 2024\Data structures\Project\Data_Phase1\Project1\Array_Of_Pointers.h(81,12):
  	'initializing': cannot convert from 'T' to 'const char *'
          with
          [
              T=Alien_Monster
          ]
  		D:\Documents\الكلية\Spring 2024\Data structures\Project\Data_Phase1\Project1\Array_Of_Pointers.h(81,12):
  		No user-defined-conversion operator available that can perform this conversion, or the operator cannot be called
  C:\Program Files\Microsoft Visual Studio\2022\Community\VC\Tools\MSVC\14.38.33130\include\ostream(730,32):
  or       'std::basic_ostream<_Elem,_Traits> &std::operator <<(std::basic_ostream<_Elem,_Traits> &,char)'
  	D:\Documents\الكلية\Spring 2024\Data structures\Project\Data_Phase1\Project1\Array_Of_Pointers.h(81,12):
  	'initializing': cannot convert from 'T' to 'char'
          with
          [
              T=Alien_Monster
          ]
  		D:\Documents\الكلية\Spring 2024\Data structures\Project\Data_Phase1\Project1\Array_Of_Pointers.h(81,12):
  		No user-defined-conversion operator available that can perform this conversion, or the operator cannot be called
  C:\Program Files\Microsoft Visual Studio\2022\Community\VC\Tools\MSVC\14.38.33130\include\ostream(686,32):
  or       'std::basic_ostream<_Elem,_Traits> &std::operator <<(std::basic_ostream<_Elem,_Traits> &,const char *)'
  	D:\Documents\الكلية\Spring 2024\Data structures\Project\Data_Phase1\Project1\Array_Of_Pointers.h(81,12):
  	'initializing': cannot convert from 'T' to 'const char *'
          with
          [
              T=Alien_Monster
          ]
  		D:\Documents\الكلية\Spring 2024\Data structures\Project\Data_Phase1\Project1\Array_Of_Pointers.h(81,12):
  		No user-defined-conversion operator available that can perform this conversion, or the operator cannot be called
  C:\Program Files\Microsoft Visual Studio\2022\Community\VC\Tools\MSVC\14.38.33130\include\memory(3629,32):
  or       'std::basic_ostream<_Elem,_Traits> &std::operator <<(std::basic_ostream<_Elem,_Traits> &,const std::unique_ptr<_Ty2,_Dx2> &)'
  	D:\Documents\الكلية\Spring 2024\Data structures\Project\Data_Phase1\Project1\Array_Of_Pointers.h(81,4):
  	'std::basic_ostream<_Elem,_Traits> &std::operator <<(std::basic_ostream<_Elem,_Traits> &,const std::unique_ptr<_Ty2,_Dx2> &)': could not deduce template argument for 'const std::unique_ptr<_Ty2,_Dx2> &' from 'T'
          with
          [
              T=Alien_Monster
          ]
  C:\Program Files\Microsoft Visual Studio\2022\Community\VC\Tools\MSVC\14.38.33130\include\memory(1978,32):
  or       'std::basic_ostream<_Elem,_Traits> &std::operator <<(std::basic_ostream<_Elem,_Traits> &,const std::shared_ptr<_Ty> &)'
  	D:\Documents\الكلية\Spring 2024\Data structures\Project\Data_Phase1\Project1\Array_Of_Pointers.h(81,4):
  	'std::basic_ostream<_Elem,_Traits> &std::operator <<(std::basic_ostream<_Elem,_Traits> &,const std::shared_ptr<_Ty> &)': could not deduce template argument for 'const std::shared_ptr<_Ty> &' from 'T'
          with
          [
              T=Alien_Monster
          ]
  C:\Program Files\Microsoft Visual Studio\2022\Community\VC\Tools\MSVC\14.38.33130\include\xstring(5193,32):
  or       'std::basic_ostream<_Elem,_Traits> &std::operator <<(std::basic_ostream<_Elem,_Traits> &,const std::basic_string<_Elem,_Traits,_Alloc> &)'
  	D:\Documents\الكلية\Spring 2024\Data structures\Project\Data_Phase1\Project1\Array_Of_Pointers.h(81,4):
  	'std::basic_ostream<_Elem,_Traits> &std::operator <<(std::basic_ostream<_Elem,_Traits> &,const std::basic_string<_Elem,_Traits,_Alloc> &)': could not deduce template argument for 'const std::basic_string<_Elem,_Traits,_Alloc> &' from 'T'
          with
          [
              T=Alien_Monster
          ]
  C:\Program Files\Microsoft Visual Studio\2022\Community\VC\Tools\MSVC\14.38.33130\include\xstring(5193,32):
  or       'std::basic_ostream<_Elem,_Traits> &std::operator <<(std::basic_ostream<_Elem,_Traits> &,const std::basic_string<_Elem,_Traits,_Alloc> &)'
  	D:\Documents\الكلية\Spring 2024\Data structures\Project\Data_Phase1\Project1\Array_Of_Pointers.h(81,4):
  	'std::basic_ostream<_Elem,_Traits> &std::operator <<(std::basic_ostream<_Elem,_Traits> &,const std::basic_string<_Elem,_Traits,_Alloc> &)': could not deduce template argument for 'const std::basic_string<_Elem,_Traits,_Alloc> &' from 'T'
          with
          [
              T=Alien_Monster
          ]
  C:\Program Files\Microsoft Visual Studio\2022\Community\VC\Tools\MSVC\14.38.33130\include\memory(1978,32):
  or       'std::basic_ostream<_Elem,_Traits> &std::operator <<(std::basic_ostream<_Elem,_Traits> &,const std::shared_ptr<_Ty> &)'
  	D:\Documents\الكلية\Spring 2024\Data structures\Project\Data_Phase1\Project1\Array_Of_Pointers.h(81,4):
  	'std::basic_ostream<_Elem,_Traits> &std::operator <<(std::basic_ostream<_Elem,_Traits> &,const std::shared_ptr<_Ty> &)': could not deduce template argument for 'const std::shared_ptr<_Ty> &' from 'T'
          with
          [
              T=Alien_Monster
          ]
  C:\Program Files\Microsoft Visual Studio\2022\Community\VC\Tools\MSVC\14.38.33130\include\memory(3629,32):
  or       'std::basic_ostream<_Elem,_Traits> &std::operator <<(std::basic_ostream<_Elem,_Traits> &,const std::unique_ptr<_Ty2,_Dx2> &)'
  	D:\Documents\الكلية\Spring 2024\Data structures\Project\Data_Phase1\Project1\Array_Of_Pointers.h(81,4):
  	'std::basic_ostream<_Elem,_Traits> &std::operator <<(std::basic_ostream<_Elem,_Traits> &,const std::unique_ptr<_Ty2,_Dx2> &)': could not deduce template argument for 'const std::unique_ptr<_Ty2,_Dx2> &' from 'T'
          with
          [
              T=Alien_Monster
          ]
  C:\Program Files\Microsoft Visual Studio\2022\Community\VC\Tools\MSVC\14.38.33130\include\ostream(686,32):
  or       'std::basic_ostream<_Elem,_Traits> &std::operator <<(std::basic_ostream<_Elem,_Traits> &,const char *)'
  	D:\Documents\الكلية\Spring 2024\Data structures\Project\Data_Phase1\Project1\Array_Of_Pointers.h(81,12):
  	'initializing': cannot convert from 'T' to 'const char *'
          with
          [
              T=Alien_Monster
          ]
  		D:\Documents\الكلية\Spring 2024\Data structures\Project\Data_Phase1\Project1\Array_Of_Pointers.h(81,12):
  		No user-defined-conversion operator available that can perform this conversion, or the operator cannot be called
  C:\Program Files\Microsoft Visual Studio\2022\Community\VC\Tools\MSVC\14.38.33130\include\ostream(730,32):
  or       'std::basic_ostream<_Elem,_Traits> &std::operator <<(std::basic_ostream<_Elem,_Traits> &,char)'
  	D:\Documents\الكلية\Spring 2024\Data structures\Project\Data_Phase1\Project1\Array_Of_Pointers.h(81,12):
  	'initializing': cannot convert from 'T' to 'char'
          with
          [
              T=Alien_Monster
          ]
  		D:\Documents\الكلية\Spring 2024\Data structures\Project\Data_Phase1\Project1\Array_Of_Pointers.h(81,12):
  		No user-defined-conversion operator available that can perform this conversion, or the operator cannot be called
  C:\Program Files\Microsoft Visual Studio\2022\Community\VC\Tools\MSVC\14.38.33130\include\ostream(766,31):
  or       'std::basic_ostream<char,_Traits> &std::operator <<(std::basic_ostream<char,_Traits> &,const char *)'
  	D:\Documents\الكلية\Spring 2024\Data structures\Project\Data_Phase1\Project1\Array_Of_Pointers.h(81,12):
  	'initializing': cannot convert from 'T' to 'const char *'
          with
          [
              T=Alien_Monster
          ]
  		D:\Documents\الكلية\Spring 2024\Data structures\Project\Data_Phase1\Project1\Array_Of_Pointers.h(81,12):
  		No user-defined-conversion operator available that can perform this conversion, or the operator cannot be called
  C:\Program Files\Microsoft Visual Studio\2022\Community\VC\Tools\MSVC\14.38.33130\include\ostream(811,31):
  or       'std::basic_ostream<char,_Traits> &std::operator <<(std::basic_ostream<char,_Traits> &,char)'
  	D:\Documents\الكلية\Spring 2024\Data structures\Project\Data_Phase1\Project1\Array_Of_Pointers.h(81,12):
  	'initializing': cannot convert from 'T' to 'char'
          with
          [
              T=Alien_Monster
          ]
  		D:\Documents\الكلية\Spring 2024\Data structures\Project\Data_Phase1\Project1\Array_Of_Pointers.h(81,12):
  		No user-defined-conversion operator available that can perform this conversion, or the operator cannot be called
  C:\Program Files\Microsoft Visual Studio\2022\Community\VC\Tools\MSVC\14.38.33130\include\ostream(849,32):
  or       'std::basic_ostream<_Elem,_Traits> &std::operator <<(std::basic_ostream<_Elem,_Traits> &,const _Elem *)'
  	D:\Documents\الكلية\Spring 2024\Data structures\Project\Data_Phase1\Project1\Array_Of_Pointers.h(81,4):
  	'std::basic_ostream<_Elem,_Traits> &std::operator <<(std::basic_ostream<_Elem,_Traits> &,const _Elem *)': could not deduce template argument for 'const _Elem *' from 'T'
          with
          [
              T=Alien_Monster
          ]
  C:\Program Files\Microsoft Visual Studio\2022\Community\VC\Tools\MSVC\14.38.33130\include\ostream(892,32):
  or       'std::basic_ostream<_Elem,_Traits> &std::operator <<(std::basic_ostream<_Elem,_Traits> &,_Elem)'
  	D:\Documents\الكلية\Spring 2024\Data structures\Project\Data_Phase1\Project1\Array_Of_Pointers.h(81,4):
  	'std::basic_ostream<_Elem,_Traits> &std::operator <<(std::basic_ostream<_Elem,_Traits> &,_Elem)': template parameter '_Elem' is ambiguous
  		D:\Documents\الكلية\Spring 2024\Data structures\Project\Data_Phase1\Project1\Array_Of_Pointers.h(81,4):
  		could be 'T'
          with
          [
              T=Alien_Monster
          ]
  		D:\Documents\الكلية\Spring 2024\Data structures\Project\Data_Phase1\Project1\Array_Of_Pointers.h(81,4):
  		or       'char'
  	D:\Documents\الكلية\Spring 2024\Data structures\Project\Data_Phase1\Project1\Array_Of_Pointers.h(81,4):
  	'std::basic_ostream<_Elem,_Traits> &std::operator <<(std::basic_ostream<_Elem,_Traits> &,_Elem)': could not deduce template argument for '_Elem' from 'T'
          with
          [
              T=Alien_Monster
          ]
  C:\Program Files\Microsoft Visual Studio\2022\Community\VC\Tools\MSVC\14.38.33130\include\ostream(928,31):
  or       'std::basic_ostream<char,_Traits> &std::operator <<(std::basic_ostream<char,_Traits> &,const signed char *)'
  	D:\Documents\الكلية\Spring 2024\Data structures\Project\Data_Phase1\Project1\Array_Of_Pointers.h(81,12):
  	'initializing': cannot convert from 'T' to 'const signed char *'
          with
          [
              T=Alien_Monster
          ]
  		D:\Documents\الكلية\Spring 2024\Data structures\Project\Data_Phase1\Project1\Array_Of_Pointers.h(81,12):
  		No user-defined-conversion operator available that can perform this conversion, or the operator cannot be called
  C:\Program Files\Microsoft Visual Studio\2022\Community\VC\Tools\MSVC\14.38.33130\include\ostream(934,31):
  or       'std::basic_ostream<char,_Traits> &std::operator <<(std::basic_ostream<char,_Traits> &,signed char)'
  	D:\Documents\الكلية\Spring 2024\Data structures\Project\Data_Phase1\Project1\Array_Of_Pointers.h(81,12):
  	'initializing': cannot convert from 'T' to 'signed char'
          with
          [
              T=Alien_Monster
          ]
  		D:\Documents\الكلية\Spring 2024\Data structures\Project\Data_Phase1\Project1\Array_Of_Pointers.h(81,12):
  		No user-defined-conversion operator available that can perform this conversion, or the operator cannot be called
  C:\Program Files\Microsoft Visual Studio\2022\Community\VC\Tools\MSVC\14.38.33130\include\ostream(939,31):
  or       'std::basic_ostream<char,_Traits> &std::operator <<(std::basic_ostream<char,_Traits> &,const unsigned char *)'
  	D:\Documents\الكلية\Spring 2024\Data structures\Project\Data_Phase1\Project1\Array_Of_Pointers.h(81,12):
  	'initializing': cannot convert from 'T' to 'const unsigned char *'
          with
          [
              T=Alien_Monster
          ]
  		D:\Documents\الكلية\Spring 2024\Data structures\Project\Data_Phase1\Project1\Array_Of_Pointers.h(81,12):
  		No user-defined-conversion operator available that can perform this conversion, or the operator cannot be called
  C:\Program Files\Microsoft Visual Studio\2022\Community\VC\Tools\MSVC\14.38.33130\include\ostream(945,31):
  or       'std::basic_ostream<char,_Traits> &std::operator <<(std::basic_ostream<char,_Traits> &,unsigned char)'
  	D:\Documents\الكلية\Spring 2024\Data structures\Project\Data_Phase1\Project1\Array_Of_Pointers.h(81,12):
  	'initializing': cannot convert from 'T' to 'unsigned char'
          with
          [
              T=Alien_Monster
          ]
  		D:\Documents\الكلية\Spring 2024\Data structures\Project\Data_Phase1\Project1\Array_Of_Pointers.h(81,12):
  		No user-defined-conversion operator available that can perform this conversion, or the operator cannot be called
  C:\Program Files\Microsoft Visual Studio\2022\Community\VC\Tools\MSVC\14.38.33130\include\ostream(1003,9):
  or       '_Ostr &&std::operator <<(_Ostr &&,const _Ty &)'
  	D:\Documents\الكلية\Spring 2024\Data structures\Project\Data_Phase1\Project1\Array_Of_Pointers.h(81,4):
  	'_Ostr &&std::operator <<(_Ostr &&,const _Ty &)': could not deduce template argument for '__formal'
  		C:\Program Files\Microsoft Visual Studio\2022\Community\VC\Tools\MSVC\14.38.33130\include\ostream(1002,103):
  		'<template-parameter>': you cannot create a pointer to a reference
  C:\Program Files\Microsoft Visual Studio\2022\Community\VC\Tools\MSVC\14.38.33130\include\ostream(1080,32):
  or       'std::basic_ostream<_Elem,_Traits> &std::operator <<(std::basic_ostream<_Elem,_Traits> &,const std::error_code &)'
  	D:\Documents\الكلية\Spring 2024\Data structures\Project\Data_Phase1\Project1\Array_Of_Pointers.h(81,12):
  	'initializing': cannot convert from 'T' to 'const std::error_code &'
          with
          [
              T=Alien_Monster
          ]
  		D:\Documents\الكلية\Spring 2024\Data structures\Project\Data_Phase1\Project1\Array_Of_Pointers.h(81,12):
  		Reason: cannot convert from 'T' to 'const std::error_code'
          with
          [
              T=Alien_Monster
          ]
  		D:\Documents\الكلية\Spring 2024\Data structures\Project\Data_Phase1\Project1\Array_Of_Pointers.h(81,12):
  		No user-defined-conversion operator available that can perform this conversion, or the operator cannot be called
  D:\Documents\الكلية\Spring 2024\Data structures\Project\Data_Phase1\Project1\Array_Of_Pointers.h(81,4):
  while trying to match the argument list '(std::ostream, T)'
          with
          [
              T=Alien_Monster
          ]
  D:\Documents\الكلية\Spring 2024\Data structures\Project\Data_Phase1\Project1\Array_Of_Pointers.h(81,4):
  the template instantiation context (the oldest one first) is
  	D:\Documents\الكلية\Spring 2024\Data structures\Project\Data_Phase1\Project1\alienArmy.h(13,35):
  	see reference to class template instantiation 'Array_Of_Pointers<Alien_Monster,100>' being compiled
  	D:\Documents\الكلية\Spring 2024\Data structures\Project\Data_Phase1\Project1\Array_Of_Pointers.h(75,1):
  	while compiling class template member function 'void Array_Of_Pointers<Alien_Monster,100>::PrintAll(void)'
  		D:\Documents\الكلية\Spring 2024\Data structures\Project\Data_Phase1\Project1\alienArmy.cpp(12,56):
  		see the first reference to 'Array_Of_Pointers<Alien_Monster,100>::PrintAll' in 'alienArmy::Print'
  
D:\Documents\الكلية\Spring 2024\Data structures\Project\Data_Phase1\Project1\Array_Of_Pointers.h(85,4): error C2679: binary '<<': no operator found which takes a right-hand operand of type 'T' (or there is no acceptable conversion)
D:\Documents\الكلية\Spring 2024\Data structures\Project\Data_Phase1\Project1\Array_Of_Pointers.h(85,4): error C2679:         with
D:\Documents\الكلية\Spring 2024\Data structures\Project\Data_Phase1\Project1\Array_Of_Pointers.h(85,4): error C2679:         [
D:\Documents\الكلية\Spring 2024\Data structures\Project\Data_Phase1\Project1\Array_Of_Pointers.h(85,4): error C2679:             T=Alien_Monster
D:\Documents\الكلية\Spring 2024\Data structures\Project\Data_Phase1\Project1\Array_Of_Pointers.h(85,4): error C2679:         ]
  (compiling source file 'alienArmy.cpp')
  C:\Program Files\Microsoft Visual Studio\2022\Community\VC\Tools\MSVC\14.38.33130\include\ostream(480,39):
  could be 'std::basic_ostream<char,std::char_traits<char>> &std::basic_ostream<char,std::char_traits<char>>::operator <<(std::basic_streambuf<char,std::char_traits<char>> *)'
  C:\Program Files\Microsoft Visual Studio\2022\Community\VC\Tools\MSVC\14.38.33130\include\ostream(448,39):
  or       'std::basic_ostream<char,std::char_traits<char>> &std::basic_ostream<char,std::char_traits<char>>::operator <<(const void *)'
  C:\Program Files\Microsoft Visual Studio\2022\Community\VC\Tools\MSVC\14.38.33130\include\ostream(430,39):
  or       'std::basic_ostream<char,std::char_traits<char>> &std::basic_ostream<char,std::char_traits<char>>::operator <<(long double)'
  C:\Program Files\Microsoft Visual Studio\2022\Community\VC\Tools\MSVC\14.38.33130\include\ostream(412,39):
  or       'std::basic_ostream<char,std::char_traits<char>> &std::basic_ostream<char,std::char_traits<char>>::operator <<(double)'
  C:\Program Files\Microsoft Visual Studio\2022\Community\VC\Tools\MSVC\14.38.33130\include\ostream(394,39):
  or       'std::basic_ostream<char,std::char_traits<char>> &std::basic_ostream<char,std::char_traits<char>>::operator <<(float)'
  C:\Program Files\Microsoft Visual Studio\2022\Community\VC\Tools\MSVC\14.38.33130\include\ostream(376,39):
  or       'std::basic_ostream<char,std::char_traits<char>> &std::basic_ostream<char,std::char_traits<char>>::operator <<(unsigned __int64)'
  C:\Program Files\Microsoft Visual Studio\2022\Community\VC\Tools\MSVC\14.38.33130\include\ostream(358,39):
  or       'std::basic_ostream<char,std::char_traits<char>> &std::basic_ostream<char,std::char_traits<char>>::operator <<(__int64)'
  C:\Program Files\Microsoft Visual Studio\2022\Community\VC\Tools\MSVC\14.38.33130\include\ostream(340,39):
  or       'std::basic_ostream<char,std::char_traits<char>> &std::basic_ostream<char,std::char_traits<char>>::operator <<(unsigned long)'
  C:\Program Files\Microsoft Visual Studio\2022\Community\VC\Tools\MSVC\14.38.33130\include\ostream(322,39):
  or       'std::basic_ostream<char,std::char_traits<char>> &std::basic_ostream<char,std::char_traits<char>>::operator <<(long)'
  C:\Program Files\Microsoft Visual Studio\2022\Community\VC\Tools\MSVC\14.38.33130\include\ostream(303,39):
  or       'std::basic_ostream<char,std::char_traits<char>> &std::basic_ostream<char,std::char_traits<char>>::operator <<(unsigned int)'
  C:\Program Files\Microsoft Visual Studio\2022\Community\VC\Tools\MSVC\14.38.33130\include\ostream(277,39):
  or       'std::basic_ostream<char,std::char_traits<char>> &std::basic_ostream<char,std::char_traits<char>>::operator <<(int)'
  C:\Program Files\Microsoft Visual Studio\2022\Community\VC\Tools\MSVC\14.38.33130\include\ostream(258,39):
  or       'std::basic_ostream<char,std::char_traits<char>> &std::basic_ostream<char,std::char_traits<char>>::operator <<(unsigned short)'
  C:\Program Files\Microsoft Visual Studio\2022\Community\VC\Tools\MSVC\14.38.33130\include\ostream(224,39):
  or       'std::basic_ostream<char,std::char_traits<char>> &std::basic_ostream<char,std::char_traits<char>>::operator <<(short)'
  C:\Program Files\Microsoft Visual Studio\2022\Community\VC\Tools\MSVC\14.38.33130\include\ostream(206,39):
  or       'std::basic_ostream<char,std::char_traits<char>> &std::basic_ostream<char,std::char_traits<char>>::operator <<(bool)'
  C:\Program Files\Microsoft Visual Studio\2022\Community\VC\Tools\MSVC\14.38.33130\include\ostream(200,39):
  or       'std::basic_ostream<char,std::char_traits<char>> &std::basic_ostream<char,std::char_traits<char>>::operator <<(std::ios_base &(__cdecl *)(std::ios_base &))'
  C:\Program Files\Microsoft Visual Studio\2022\Community\VC\Tools\MSVC\14.38.33130\include\ostream(194,39):
  or       'std::basic_ostream<char,std::char_traits<char>> &std::basic_ostream<char,std::char_traits<char>>::operator <<(std::basic_ios<char,std::char_traits<char>> &(__cdecl *)(std::basic_ios<char,std::char_traits<char>> &))'
  C:\Program Files\Microsoft Visual Studio\2022\Community\VC\Tools\MSVC\14.38.33130\include\ostream(189,39):
  or       'std::basic_ostream<char,std::char_traits<char>> &std::basic_ostream<char,std::char_traits<char>>::operator <<(std::basic_ostream<char,std::char_traits<char>> &(__cdecl *)(std::basic_ostream<char,std::char_traits<char>> &))'
  C:\Program Files\Microsoft Visual Studio\2022\Community\VC\Tools\MSVC\14.38.33130\include\ostream(1080,32):
  or       'std::basic_ostream<_Elem,_Traits> &std::operator <<(std::basic_ostream<_Elem,_Traits> &,const std::error_code &)'
  	D:\Documents\الكلية\Spring 2024\Data structures\Project\Data_Phase1\Project1\Array_Of_Pointers.h(85,12):
  	'initializing': cannot convert from 'T' to 'const std::error_code &'
          with
          [
              T=Alien_Monster
          ]
  		D:\Documents\الكلية\Spring 2024\Data structures\Project\Data_Phase1\Project1\Array_Of_Pointers.h(85,12):
  		Reason: cannot convert from 'T' to 'const std::error_code'
          with
          [
              T=Alien_Monster
          ]
  		D:\Documents\الكلية\Spring 2024\Data structures\Project\Data_Phase1\Project1\Array_Of_Pointers.h(85,12):
  		No user-defined-conversion operator available that can perform this conversion, or the operator cannot be called
  C:\Program Files\Microsoft Visual Studio\2022\Community\VC\Tools\MSVC\14.38.33130\include\ostream(1003,9):
  or       '_Ostr &&std::operator <<(_Ostr &&,const _Ty &)'
  	D:\Documents\الكلية\Spring 2024\Data structures\Project\Data_Phase1\Project1\Array_Of_Pointers.h(85,4):
  	'_Ostr &&std::operator <<(_Ostr &&,const _Ty &)': could not deduce template argument for '__formal'
  		C:\Program Files\Microsoft Visual Studio\2022\Community\VC\Tools\MSVC\14.38.33130\include\ostream(1002,103):
  		'<template-parameter>': you cannot create a pointer to a reference
  C:\Program Files\Microsoft Visual Studio\2022\Community\VC\Tools\MSVC\14.38.33130\include\ostream(945,31):
  or       'std::basic_ostream<char,_Traits> &std::operator <<(std::basic_ostream<char,_Traits> &,unsigned char)'
  	D:\Documents\الكلية\Spring 2024\Data structures\Project\Data_Phase1\Project1\Array_Of_Pointers.h(85,12):
  	'initializing': cannot convert from 'T' to 'unsigned char'
          with
          [
              T=Alien_Monster
          ]
  		D:\Documents\الكلية\Spring 2024\Data structures\Project\Data_Phase1\Project1\Array_Of_Pointers.h(85,12):
  		No user-defined-conversion operator available that can perform this conversion, or the operator cannot be called
  C:\Program Files\Microsoft Visual Studio\2022\Community\VC\Tools\MSVC\14.38.33130\include\ostream(939,31):
  or       'std::basic_ostream<char,_Traits> &std::operator <<(std::basic_ostream<char,_Traits> &,const unsigned char *)'
  	D:\Documents\الكلية\Spring 2024\Data structures\Project\Data_Phase1\Project1\Array_Of_Pointers.h(85,12):
  	'initializing': cannot convert from 'T' to 'const unsigned char *'
          with
          [
              T=Alien_Monster
          ]
  		D:\Documents\الكلية\Spring 2024\Data structures\Project\Data_Phase1\Project1\Array_Of_Pointers.h(85,12):
  		No user-defined-conversion operator available that can perform this conversion, or the operator cannot be called
  C:\Program Files\Microsoft Visual Studio\2022\Community\VC\Tools\MSVC\14.38.33130\include\ostream(934,31):
  or       'std::basic_ostream<char,_Traits> &std::operator <<(std::basic_ostream<char,_Traits> &,signed char)'
  	D:\Documents\الكلية\Spring 2024\Data structures\Project\Data_Phase1\Project1\Array_Of_Pointers.h(85,12):
  	'initializing': cannot convert from 'T' to 'signed char'
          with
          [
              T=Alien_Monster
          ]
  		D:\Documents\الكلية\Spring 2024\Data structures\Project\Data_Phase1\Project1\Array_Of_Pointers.h(85,12):
  		No user-defined-conversion operator available that can perform this conversion, or the operator cannot be called
  C:\Program Files\Microsoft Visual Studio\2022\Community\VC\Tools\MSVC\14.38.33130\include\ostream(928,31):
  or       'std::basic_ostream<char,_Traits> &std::operator <<(std::basic_ostream<char,_Traits> &,const signed char *)'
  	D:\Documents\الكلية\Spring 2024\Data structures\Project\Data_Phase1\Project1\Array_Of_Pointers.h(85,12):
  	'initializing': cannot convert from 'T' to 'const signed char *'
          with
          [
              T=Alien_Monster
          ]
  		D:\Documents\الكلية\Spring 2024\Data structures\Project\Data_Phase1\Project1\Array_Of_Pointers.h(85,12):
  		No user-defined-conversion operator available that can perform this conversion, or the operator cannot be called
  C:\Program Files\Microsoft Visual Studio\2022\Community\VC\Tools\MSVC\14.38.33130\include\ostream(892,32):
  or       'std::basic_ostream<_Elem,_Traits> &std::operator <<(std::basic_ostream<_Elem,_Traits> &,_Elem)'
  	D:\Documents\الكلية\Spring 2024\Data structures\Project\Data_Phase1\Project1\Array_Of_Pointers.h(85,4):
  	'std::basic_ostream<_Elem,_Traits> &std::operator <<(std::basic_ostream<_Elem,_Traits> &,_Elem)': template parameter '_Elem' is ambiguous
  		D:\Documents\الكلية\Spring 2024\Data structures\Project\Data_Phase1\Project1\Array_Of_Pointers.h(85,4):
  		could be 'T'
          with
          [
              T=Alien_Monster
          ]
  		D:\Documents\الكلية\Spring 2024\Data structures\Project\Data_Phase1\Project1\Array_Of_Pointers.h(85,4):
  		or       'char'
  	D:\Documents\الكلية\Spring 2024\Data structures\Project\Data_Phase1\Project1\Array_Of_Pointers.h(85,4):
  	'std::basic_ostream<_Elem,_Traits> &std::operator <<(std::basic_ostream<_Elem,_Traits> &,_Elem)': could not deduce template argument for '_Elem' from 'T'
          with
          [
              T=Alien_Monster
          ]
  C:\Program Files\Microsoft Visual Studio\2022\Community\VC\Tools\MSVC\14.38.33130\include\ostream(849,32):
  or       'std::basic_ostream<_Elem,_Traits> &std::operator <<(std::basic_ostream<_Elem,_Traits> &,const _Elem *)'
  	D:\Documents\الكلية\Spring 2024\Data structures\Project\Data_Phase1\Project1\Array_Of_Pointers.h(85,4):
  	'std::basic_ostream<_Elem,_Traits> &std::operator <<(std::basic_ostream<_Elem,_Traits> &,const _Elem *)': could not deduce template argument for 'const _Elem *' from 'T'
          with
          [
              T=Alien_Monster
          ]
  C:\Program Files\Microsoft Visual Studio\2022\Community\VC\Tools\MSVC\14.38.33130\include\ostream(811,31):
  or       'std::basic_ostream<char,_Traits> &std::operator <<(std::basic_ostream<char,_Traits> &,char)'
  	D:\Documents\الكلية\Spring 2024\Data structures\Project\Data_Phase1\Project1\Array_Of_Pointers.h(85,12):
  	'initializing': cannot convert from 'T' to 'char'
          with
          [
              T=Alien_Monster
          ]
  		D:\Documents\الكلية\Spring 2024\Data structures\Project\Data_Phase1\Project1\Array_Of_Pointers.h(85,12):
  		No user-defined-conversion operator available that can perform this conversion, or the operator cannot be called
  C:\Program Files\Microsoft Visual Studio\2022\Community\VC\Tools\MSVC\14.38.33130\include\ostream(766,31):
  or       'std::basic_ostream<char,_Traits> &std::operator <<(std::basic_ostream<char,_Traits> &,const char *)'
  	D:\Documents\الكلية\Spring 2024\Data structures\Project\Data_Phase1\Project1\Array_Of_Pointers.h(85,12):
  	'initializing': cannot convert from 'T' to 'const char *'
          with
          [
              T=Alien_Monster
          ]
  		D:\Documents\الكلية\Spring 2024\Data structures\Project\Data_Phase1\Project1\Array_Of_Pointers.h(85,12):
  		No user-defined-conversion operator available that can perform this conversion, or the operator cannot be called
  C:\Program Files\Microsoft Visual Studio\2022\Community\VC\Tools\MSVC\14.38.33130\include\ostream(730,32):
  or       'std::basic_ostream<_Elem,_Traits> &std::operator <<(std::basic_ostream<_Elem,_Traits> &,char)'
  	D:\Documents\الكلية\Spring 2024\Data structures\Project\Data_Phase1\Project1\Array_Of_Pointers.h(85,12):
  	'initializing': cannot convert from 'T' to 'char'
          with
          [
              T=Alien_Monster
          ]
  		D:\Documents\الكلية\Spring 2024\Data structures\Project\Data_Phase1\Project1\Array_Of_Pointers.h(85,12):
  		No user-defined-conversion operator available that can perform this conversion, or the operator cannot be called
  C:\Program Files\Microsoft Visual Studio\2022\Community\VC\Tools\MSVC\14.38.33130\include\ostream(686,32):
  or       'std::basic_ostream<_Elem,_Traits> &std::operator <<(std::basic_ostream<_Elem,_Traits> &,const char *)'
  	D:\Documents\الكلية\Spring 2024\Data structures\Project\Data_Phase1\Project1\Array_Of_Pointers.h(85,12):
  	'initializing': cannot convert from 'T' to 'const char *'
          with
          [
              T=Alien_Monster
          ]
  		D:\Documents\الكلية\Spring 2024\Data structures\Project\Data_Phase1\Project1\Array_Of_Pointers.h(85,12):
  		No user-defined-conversion operator available that can perform this conversion, or the operator cannot be called
  C:\Program Files\Microsoft Visual Studio\2022\Community\VC\Tools\MSVC\14.38.33130\include\memory(3629,32):
  or       'std::basic_ostream<_Elem,_Traits> &std::operator <<(std::basic_ostream<_Elem,_Traits> &,const std::unique_ptr<_Ty2,_Dx2> &)'
  	D:\Documents\الكلية\Spring 2024\Data structures\Project\Data_Phase1\Project1\Array_Of_Pointers.h(85,4):
  	'std::basic_ostream<_Elem,_Traits> &std::operator <<(std::basic_ostream<_Elem,_Traits> &,const std::unique_ptr<_Ty2,_Dx2> &)': could not deduce template argument for 'const std::unique_ptr<_Ty2,_Dx2> &' from 'T'
          with
          [
              T=Alien_Monster
          ]
  C:\Program Files\Microsoft Visual Studio\2022\Community\VC\Tools\MSVC\14.38.33130\include\memory(1978,32):
  or       'std::basic_ostream<_Elem,_Traits> &std::operator <<(std::basic_ostream<_Elem,_Traits> &,const std::shared_ptr<_Ty> &)'
  	D:\Documents\الكلية\Spring 2024\Data structures\Project\Data_Phase1\Project1\Array_Of_Pointers.h(85,4):
  	'std::basic_ostream<_Elem,_Traits> &std::operator <<(std::basic_ostream<_Elem,_Traits> &,const std::shared_ptr<_Ty> &)': could not deduce template argument for 'const std::shared_ptr<_Ty> &' from 'T'
          with
          [
              T=Alien_Monster
          ]
  C:\Program Files\Microsoft Visual Studio\2022\Community\VC\Tools\MSVC\14.38.33130\include\xstring(5193,32):
  or       'std::basic_ostream<_Elem,_Traits> &std::operator <<(std::basic_ostream<_Elem,_Traits> &,const std::basic_string<_Elem,_Traits,_Alloc> &)'
  	D:\Documents\الكلية\Spring 2024\Data structures\Project\Data_Phase1\Project1\Array_Of_Pointers.h(85,4):
  	'std::basic_ostream<_Elem,_Traits> &std::operator <<(std::basic_ostream<_Elem,_Traits> &,const std::basic_string<_Elem,_Traits,_Alloc> &)': could not deduce template argument for 'const std::basic_string<_Elem,_Traits,_Alloc> &' from 'T'
          with
          [
              T=Alien_Monster
          ]
  C:\Program Files\Microsoft Visual Studio\2022\Community\VC\Tools\MSVC\14.38.33130\include\xstring(5193,32):
  or       'std::basic_ostream<_Elem,_Traits> &std::operator <<(std::basic_ostream<_Elem,_Traits> &,const std::basic_string<_Elem,_Traits,_Alloc> &)'
  	D:\Documents\الكلية\Spring 2024\Data structures\Project\Data_Phase1\Project1\Array_Of_Pointers.h(85,4):
  	'std::basic_ostream<_Elem,_Traits> &std::operator <<(std::basic_ostream<_Elem,_Traits> &,const std::basic_string<_Elem,_Traits,_Alloc> &)': could not deduce template argument for 'const std::basic_string<_Elem,_Traits,_Alloc> &' from 'T'
          with
          [
              T=Alien_Monster
          ]
  C:\Program Files\Microsoft Visual Studio\2022\Community\VC\Tools\MSVC\14.38.33130\include\memory(1978,32):
  or       'std::basic_ostream<_Elem,_Traits> &std::operator <<(std::basic_ostream<_Elem,_Traits> &,const std::shared_ptr<_Ty> &)'
  	D:\Documents\الكلية\Spring 2024\Data structures\Project\Data_Phase1\Project1\Array_Of_Pointers.h(85,4):
  	'std::basic_ostream<_Elem,_Traits> &std::operator <<(std::basic_ostream<_Elem,_Traits> &,const std::shared_ptr<_Ty> &)': could not deduce template argument for 'const std::shared_ptr<_Ty> &' from 'T'
          with
          [
              T=Alien_Monster
          ]
  C:\Program Files\Microsoft Visual Studio\2022\Community\VC\Tools\MSVC\14.38.33130\include\memory(3629,32):
  or       'std::basic_ostream<_Elem,_Traits> &std::operator <<(std::basic_ostream<_Elem,_Traits> &,const std::unique_ptr<_Ty2,_Dx2> &)'
  	D:\Documents\الكلية\Spring 2024\Data structures\Project\Data_Phase1\Project1\Array_Of_Pointers.h(85,4):
  	'std::basic_ostream<_Elem,_Traits> &std::operator <<(std::basic_ostream<_Elem,_Traits> &,const std::unique_ptr<_Ty2,_Dx2> &)': could not deduce template argument for 'const std::unique_ptr<_Ty2,_Dx2> &' from 'T'
          with
          [
              T=Alien_Monster
          ]
  C:\Program Files\Microsoft Visual Studio\2022\Community\VC\Tools\MSVC\14.38.33130\include\ostream(686,32):
  or       'std::basic_ostream<_Elem,_Traits> &std::operator <<(std::basic_ostream<_Elem,_Traits> &,const char *)'
  	D:\Documents\الكلية\Spring 2024\Data structures\Project\Data_Phase1\Project1\Array_Of_Pointers.h(85,12):
  	'initializing': cannot convert from 'T' to 'const char *'
          with
          [
              T=Alien_Monster
          ]
  		D:\Documents\الكلية\Spring 2024\Data structures\Project\Data_Phase1\Project1\Array_Of_Pointers.h(85,12):
  		No user-defined-conversion operator available that can perform this conversion, or the operator cannot be called
  C:\Program Files\Microsoft Visual Studio\2022\Community\VC\Tools\MSVC\14.38.33130\include\ostream(730,32):
  or       'std::basic_ostream<_Elem,_Traits> &std::operator <<(std::basic_ostream<_Elem,_Traits> &,char)'
  	D:\Documents\الكلية\Spring 2024\Data structures\Project\Data_Phase1\Project1\Array_Of_Pointers.h(85,12):
  	'initializing': cannot convert from 'T' to 'char'
          with
          [
              T=Alien_Monster
          ]
  		D:\Documents\الكلية\Spring 2024\Data structures\Project\Data_Phase1\Project1\Array_Of_Pointers.h(85,12):
  		No user-defined-conversion operator available that can perform this conversion, or the operator cannot be called
  C:\Program Files\Microsoft Visual Studio\2022\Community\VC\Tools\MSVC\14.38.33130\include\ostream(766,31):
  or       'std::basic_ostream<char,_Traits> &std::operator <<(std::basic_ostream<char,_Traits> &,const char *)'
  	D:\Documents\الكلية\Spring 2024\Data structures\Project\Data_Phase1\Project1\Array_Of_Pointers.h(85,12):
  	'initializing': cannot convert from 'T' to 'const char *'
          with
          [
              T=Alien_Monster
          ]
  		D:\Documents\الكلية\Spring 2024\Data structures\Project\Data_Phase1\Project1\Array_Of_Pointers.h(85,12):
  		No user-defined-conversion operator available that can perform this conversion, or the operator cannot be called
  C:\Program Files\Microsoft Visual Studio\2022\Community\VC\Tools\MSVC\14.38.33130\include\ostream(811,31):
  or       'std::basic_ostream<char,_Traits> &std::operator <<(std::basic_ostream<char,_Traits> &,char)'
  	D:\Documents\الكلية\Spring 2024\Data structures\Project\Data_Phase1\Project1\Array_Of_Pointers.h(85,12):
  	'initializing': cannot convert from 'T' to 'char'
          with
          [
              T=Alien_Monster
          ]
  		D:\Documents\الكلية\Spring 2024\Data structures\Project\Data_Phase1\Project1\Array_Of_Pointers.h(85,12):
  		No user-defined-conversion operator available that can perform this conversion, or the operator cannot be called
  C:\Program Files\Microsoft Visual Studio\2022\Community\VC\Tools\MSVC\14.38.33130\include\ostream(849,32):
  or       'std::basic_ostream<_Elem,_Traits> &std::operator <<(std::basic_ostream<_Elem,_Traits> &,const _Elem *)'
  	D:\Documents\الكلية\Spring 2024\Data structures\Project\Data_Phase1\Project1\Array_Of_Pointers.h(85,4):
  	'std::basic_ostream<_Elem,_Traits> &std::operator <<(std::basic_ostream<_Elem,_Traits> &,const _Elem *)': could not deduce template argument for 'const _Elem *' from 'T'
          with
          [
              T=Alien_Monster
          ]
  C:\Program Files\Microsoft Visual Studio\2022\Community\VC\Tools\MSVC\14.38.33130\include\ostream(892,32):
  or       'std::basic_ostream<_Elem,_Traits> &std::operator <<(std::basic_ostream<_Elem,_Traits> &,_Elem)'
  	D:\Documents\الكلية\Spring 2024\Data structures\Project\Data_Phase1\Project1\Array_Of_Pointers.h(85,4):
  	'std::basic_ostream<_Elem,_Traits> &std::operator <<(std::basic_ostream<_Elem,_Traits> &,_Elem)': template parameter '_Elem' is ambiguous
  		D:\Documents\الكلية\Spring 2024\Data structures\Project\Data_Phase1\Project1\Array_Of_Pointers.h(85,4):
  		could be 'T'
          with
          [
              T=Alien_Monster
          ]
  		D:\Documents\الكلية\Spring 2024\Data structures\Project\Data_Phase1\Project1\Array_Of_Pointers.h(85,4):
  		or       'char'
  	D:\Documents\الكلية\Spring 2024\Data structures\Project\Data_Phase1\Project1\Array_Of_Pointers.h(85,4):
  	'std::basic_ostream<_Elem,_Traits> &std::operator <<(std::basic_ostream<_Elem,_Traits> &,_Elem)': could not deduce template argument for '_Elem' from 'T'
          with
          [
              T=Alien_Monster
          ]
  C:\Program Files\Microsoft Visual Studio\2022\Community\VC\Tools\MSVC\14.38.33130\include\ostream(928,31):
  or       'std::basic_ostream<char,_Traits> &std::operator <<(std::basic_ostream<char,_Traits> &,const signed char *)'
  	D:\Documents\الكلية\Spring 2024\Data structures\Project\Data_Phase1\Project1\Array_Of_Pointers.h(85,12):
  	'initializing': cannot convert from 'T' to 'const signed char *'
          with
          [
              T=Alien_Monster
          ]
  		D:\Documents\الكلية\Spring 2024\Data structures\Project\Data_Phase1\Project1\Array_Of_Pointers.h(85,12):
  		No user-defined-conversion operator available that can perform this conversion, or the operator cannot be called
  C:\Program Files\Microsoft Visual Studio\2022\Community\VC\Tools\MSVC\14.38.33130\include\ostream(934,31):
  or       'std::basic_ostream<char,_Traits> &std::operator <<(std::basic_ostream<char,_Traits> &,signed char)'
  	D:\Documents\الكلية\Spring 2024\Data structures\Project\Data_Phase1\Project1\Array_Of_Pointers.h(85,12):
  	'initializing': cannot convert from 'T' to 'signed char'
          with
          [
              T=Alien_Monster
          ]
  		D:\Documents\الكلية\Spring 2024\Data structures\Project\Data_Phase1\Project1\Array_Of_Pointers.h(85,12):
  		No user-defined-conversion operator available that can perform this conversion, or the operator cannot be called
  C:\Program Files\Microsoft Visual Studio\2022\Community\VC\Tools\MSVC\14.38.33130\include\ostream(939,31):
  or       'std::basic_ostream<char,_Traits> &std::operator <<(std::basic_ostream<char,_Traits> &,const unsigned char *)'
  	D:\Documents\الكلية\Spring 2024\Data structures\Project\Data_Phase1\Project1\Array_Of_Pointers.h(85,12):
  	'initializing': cannot convert from 'T' to 'const unsigned char *'
          with
          [
              T=Alien_Monster
          ]
  		D:\Documents\الكلية\Spring 2024\Data structures\Project\Data_Phase1\Project1\Array_Of_Pointers.h(85,12):
  		No user-defined-conversion operator available that can perform this conversion, or the operator cannot be called
  C:\Program Files\Microsoft Visual Studio\2022\Community\VC\Tools\MSVC\14.38.33130\include\ostream(945,31):
  or       'std::basic_ostream<char,_Traits> &std::operator <<(std::basic_ostream<char,_Traits> &,unsigned char)'
  	D:\Documents\الكلية\Spring 2024\Data structures\Project\Data_Phase1\Project1\Array_Of_Pointers.h(85,12):
  	'initializing': cannot convert from 'T' to 'unsigned char'
          with
          [
              T=Alien_Monster
          ]
  		D:\Documents\الكلية\Spring 2024\Data structures\Project\Data_Phase1\Project1\Array_Of_Pointers.h(85,12):
  		No user-defined-conversion operator available that can perform this conversion, or the operator cannot be called
  C:\Program Files\Microsoft Visual Studio\2022\Community\VC\Tools\MSVC\14.38.33130\include\ostream(1003,9):
  or       '_Ostr &&std::operator <<(_Ostr &&,const _Ty &)'
  	D:\Documents\الكلية\Spring 2024\Data structures\Project\Data_Phase1\Project1\Array_Of_Pointers.h(85,4):
  	'_Ostr &&std::operator <<(_Ostr &&,const _Ty &)': could not deduce template argument for '__formal'
  		C:\Program Files\Microsoft Visual Studio\2022\Community\VC\Tools\MSVC\14.38.33130\include\ostream(1002,103):
  		'<template-parameter>': you cannot create a pointer to a reference
  C:\Program Files\Microsoft Visual Studio\2022\Community\VC\Tools\MSVC\14.38.33130\include\ostream(1080,32):
  or       'std::basic_ostream<_Elem,_Traits> &std::operator <<(std::basic_ostream<_Elem,_Traits> &,const std::error_code &)'
  	D:\Documents\الكلية\Spring 2024\Data structures\Project\Data_Phase1\Project1\Array_Of_Pointers.h(85,12):
  	'initializing': cannot convert from 'T' to 'const std::error_code &'
          with
          [
              T=Alien_Monster
          ]
  		D:\Documents\الكلية\Spring 2024\Data structures\Project\Data_Phase1\Project1\Array_Of_Pointers.h(85,12):
  		Reason: cannot convert from 'T' to 'const std::error_code'
          with
          [
              T=Alien_Monster
          ]
  		D:\Documents\الكلية\Spring 2024\Data structures\Project\Data_Phase1\Project1\Array_Of_Pointers.h(85,12):
  		No user-defined-conversion operator available that can perform this conversion, or the operator cannot be called
  D:\Documents\الكلية\Spring 2024\Data structures\Project\Data_Phase1\Project1\Array_Of_Pointers.h(85,4):
  while trying to match the argument list '(std::ostream, T)'
          with
          [
              T=Alien_Monster
          ]
  
  Alien_Monster.cpp
  AS.cpp
  Drones.cpp
  earthArmy.cpp
  Earth_Gunnery.cpp
  ES.cpp
  Game.cpp
  Source.cpp
  Unit.cpp
  randGen.cpp
D:\Documents\الكلية\Spring 2024\Data structures\Project\Data_Phase1\Project1\randGen.cpp(6,12): warning C4244: 'argument': conversion from 'time_t' to 'unsigned int', possible loss of data
  Generating Code...
