d:\ds project\data_phase1\project1\project1\x64\debug\vc143.pdb
d:\ds project\data_phase1\project1\project1\x64\debug\vc143.idb
d:\ds project\data_phase1\project1\project1\x64\debug\unitstack.obj
d:\ds project\data_phase1\project1\project1\x64\debug\unitpriqueue.obj
d:\ds project\data_phase1\project1\project1\x64\debug\randgen.obj
d:\ds project\data_phase1\project1\project1\x64\debug\main.obj
d:\ds project\data_phase1\project1\project1\x64\debug\game.obj
d:\ds project\data_phase1\project1\project1\x64\debug\es.obj
d:\ds project\data_phase1\project1\project1\x64\debug\earth_gunnery.obj
d:\ds project\data_phase1\project1\project1\x64\debug\eartharmy.obj
d:\ds project\data_phase1\project1\project1\x64\debug\as.obj
d:\ds project\data_phase1\project1\project1\x64\debug\alien_monster.obj
d:\ds project\data_phase1\project1\project1\x64\debug\alienarmy.obj
d:\ds project\data_phase1\project1\project1\x64\debug\unitqueue.obj
d:\ds project\data_phase1\project1\project1\x64\debug\unitdequeue.obj
d:\ds project\data_phase1\project1\project1\x64\debug\unitaop.obj
d:\ds project\data_phase1\project1\project1\x64\debug\unit.obj
d:\ds project\data_phase1\project1\project1\x64\debug\et.obj
d:\ds project\data_phase1\project1\project1\x64\debug\drones.obj
d:\ds project\data_phase1\project1\project1\x64\debug\hu.obj
d:\ds project\data_phase1\project1\x64\debug\project1.exe
d:\ds project\data_phase1\project1\x64\debug\project1.pdb
d:\ds project\data_phase1\project1\project1\x64\debug\project1.ilk
d:\ds project\data_phase1\project1\x64\debug\project1.ilk
d:\ds project\data_phase1\project1\project1\x64\debug\project1.tlog\cl.command.1.tlog
d:\ds project\data_phase1\project1\project1\x64\debug\project1.tlog\cl.items.tlog
d:\ds project\data_phase1\project1\project1\x64\debug\project1.tlog\cl.read.1.tlog
d:\ds project\data_phase1\project1\project1\x64\debug\project1.tlog\cl.write.1.tlog
d:\ds project\data_phase1\project1\project1\x64\debug\project1.tlog\link.command.1.tlog
d:\ds project\data_phase1\project1\project1\x64\debug\project1.tlog\link.read.1.tlog
d:\ds project\data_phase1\project1\project1\x64\debug\project1.tlog\link.secondary.1.tlog
d:\ds project\data_phase1\project1\project1\x64\debug\project1.tlog\link.write.1.tlog
